[    2643ms] [WARNING] A parser-blocking, cross site (i.e. different eTLD+1) script, https://lf-package-cn.feishucdn.com/obj/feishu-static/ccm-vmok/web/lang/docxSpa/zh-CN.386f1b2201282c98.js, is invoked via document.write. The network request for this script MAY be blocked by the browser in this or a future page load due to poor network connectivity. If blocked in this page load, it will be confirmed in a subsequent console message. See https://www.chromestatus.com/feature/5718547946799104 for more details. @ https://kcnxjau9hxy4.feishu.cn/wiki/X0QNwZxwKi6G1FkYSV7cy4ZQndc:0
[    2644ms] [WARNING] A parser-blocking, cross site (i.e. different eTLD+1) script, https://lf-package-cn.feishucdn.com/obj/feishu-static/ccm-vmok/web/lang/docxSpa/zh-CN.386f1b2201282c98.js, is invoked via document.write. The network request for this script MAY be blocked by the browser in this or a future page load due to poor network connectivity. If blocked in this page load, it will be confirmed in a subsequent console message. See https://www.chromestatus.com/feature/5718547946799104 for more details. @ https://kcnxjau9hxy4.feishu.cn/wiki/X0QNwZxwKi6G1FkYSV7cy4ZQndc:0
[    2644ms] [WARNING] A parser-blocking, cross site (i.e. different eTLD+1) script, https://lf-package-cn.feishucdn.com/obj/feishu-static/eesz/bear/docx/module/ee/docs/docx/1.0.17.3336/lang/zh-CN.js, is invoked via document.write. The network request for this script MAY be blocked by the browser in this or a future page load due to poor network connectivity. If blocked in this page load, it will be confirmed in a subsequent console message. See https://www.chromestatus.com/feature/5718547946799104 for more details. @ https://kcnxjau9hxy4.feishu.cn/wiki/X0QNwZxwKi6G1FkYSV7cy4ZQndc:0
[    4145ms] [ERROR] Failed to load resource: the server responded with a status of 401 () @ https://internal-api-security.feishu.cn/lark/scs/compliance/ping:0
[    4325ms] Error: PermFail
    at https://lf-package-cn.feishucdn.com/obj/feishu-static/ccm-vmok/web/static/js/docx_app_spa.4d717d57.js:42:397869
    at L (https://lf-package-cn.feishucdn.com/obj/feishu-static/ccm-vmok/web/static/js/docx_app_spa.4d717d57.js:42:397951)
[    4326ms] Error: PermFail
    at https://lf-package-cn.feishucdn.com/obj/feishu-static/ccm-vmok/web/static/js/docx_app_spa.4d717d57.js:42:397869
    at L (https://lf-package-cn.feishucdn.com/obj/feishu-static/ccm-vmok/web/static/js/docx_app_spa.4d717d57.js:42:397951)
[    6182ms] TypeError: Cannot read properties of undefined (reading 'version')
    at https://lf-package-cn.feishucdn.com/obj/feishu-static/eesz/bear/docx/module/ee/docs/docx/1.0.17.3336/index_merged_es6.js:7:946414
[    6556ms] [ERROR] Failed to load resource: the server responded with a status of 400 () @ https://kcnxjau9hxy4.feishu.cn/facade/search/pull_search_settings?search_setting_type=1:0
[    6616ms] [ERROR] Failed to load resource: the server responded with a status of 401 () @ https://project.feishu.cn/goapi/v1/user/assets/login_assets:0
[    7891ms] [ERROR] Failed to load resource: the server responded with a status of 403 () @ https://internal-api-lark-api.feishu.cn/im/gateway/:0
[    8045ms] [ERROR] Failed to load resource: the server responded with a status of 401 () @ https://internal-api-lark-api.feishu.cn/accounts/web/user?app_id=12&_t=1778750285964:0
[    8153ms] [ERROR] Failed to load resource: the server responded with a status of 403 () @ https://internal-api-lark-api.feishu.cn/im/gateway/:0
[    8614ms] [ERROR] Failed to load resource: the server responded with a status of 403 () @ https://internal-api-lark-api.feishu.cn/im/gateway/:0
[    8629ms] Error: PermFail
    at https://lf-package-cn.feishucdn.com/obj/feishu-static/ccm-vmok/web/static/js/docx_app_spa.4d717d57.js:42:397869
    at L (https://lf-package-cn.feishucdn.com/obj/feishu-static/ccm-vmok/web/static/js/docx_app_spa.4d717d57.js:42:397951)
[    8724ms] [ERROR] Failed to load resource: the server responded with a status of 403 () @ https://internal-api-lark-api.feishu.cn/im/gateway/:0
[    8783ms] [ERROR] Failed to load resource: the server responded with a status of 403 () @ https://internal-api-lark-api.feishu.cn/im/gateway/:0
[    8811ms] [ERROR] Failed to load resource: the server responded with a status of 403 () @ https://internal-api-lark-api.feishu.cn/im/gateway/:0
[    8841ms] [ERROR] Failed to load resource: the server responded with a status of 403 () @ https://internal-api-lark-api.feishu.cn/im/gateway/:0
[    8854ms] [ERROR] Failed to load resource: the server responded with a status of 403 () @ https://internal-api-lark-api.feishu.cn/im/gateway/:0
[    8901ms] [ERROR] Failed to load resource: the server responded with a status of 403 () @ https://internal-api-lark-api.feishu.cn/im/gateway/:0
[    8997ms] [ERROR] Failed to load resource: the server responded with a status of 403 () @ https://internal-api-lark-api.feishu.cn/im/gateway/:0
[    9002ms] [ERROR] Failed to load resource: the server responded with a status of 403 () @ https://internal-api-lark-api.feishu.cn/im/gateway/:0
[    9010ms] [ERROR] Failed to load resource: the server responded with a status of 403 () @ https://internal-api-lark-api.feishu.cn/im/gateway/:0
[    9078ms] [ERROR] Failed to load resource: the server responded with a status of 403 () @ https://internal-api-lark-api.feishu.cn/im/gateway/:0
[    9082ms] [ERROR] Failed to load resource: the server responded with a status of 403 () @ https://internal-api-lark-api.feishu.cn/im/gateway/:0
[    9216ms] [ERROR] Failed to load resource: the server responded with a status of 403 () @ https://internal-api-lark-api.feishu.cn/im/gateway/:0
[    9227ms] [ERROR] Failed to load resource: the server responded with a status of 403 () @ https://internal-api-lark-api.feishu.cn/im/gateway/:0
[   12226ms] [ERROR] Failed to load resource: the server responded with a status of 403 () @ https://internal-api-lark-api.feishu.cn/im/gateway/:0
[   12233ms] [ERROR] Failed to load resource: the server responded with a status of 403 () @ https://internal-api-lark-api.feishu.cn/im/gateway/:0
[   12338ms] [ERROR] Failed to load resource: the server responded with a status of 403 () @ https://internal-api-lark-api.feishu.cn/im/gateway/:0
[   12397ms] [ERROR] Failed to load resource: the server responded with a status of 403 () @ https://internal-api-lark-api.feishu.cn/im/gateway/:0
[   12420ms] [ERROR] Failed to load resource: the server responded with a status of 403 () @ https://internal-api-lark-api.feishu.cn/im/gateway/:0
[   12464ms] [ERROR] Failed to load resource: the server responded with a status of 403 () @ https://internal-api-lark-api.feishu.cn/im/gateway/:0
[   12495ms] [ERROR] Failed to load resource: the server responded with a status of 403 () @ https://internal-api-lark-api.feishu.cn/im/gateway/:0
[   12624ms] [ERROR] Failed to load resource: the server responded with a status of 403 () @ https://internal-api-lark-api.feishu.cn/im/gateway/:0
[   26292ms] [ERROR] The script resource is behind a redirect, which is disallowed. @ :0
[   26697ms] [ERROR] Failed to load resource: the server responded with a status of 403 () @ https://internal-api-lark-api.feishu.cn/im/gateway/:0
[   26759ms] [ERROR] Failed to load resource: the server responded with a status of 403 () @ https://internal-api-lark-api.feishu.cn/im/gateway/:0
[   26826ms] [ERROR] Failed to load resource: the server responded with a status of 403 () @ https://internal-api-lark-api.feishu.cn/im/gateway/:0
[   26890ms] [ERROR] Failed to load resource: the server responded with a status of 403 () @ https://internal-api-lark-api.feishu.cn/im/gateway/:0
[   33185ms] [ERROR] Failed to load resource: the server responded with a status of 401 () @ https://internal-api-security.feishu.cn/lark/scs/compliance/ping:0
[   46286ms] [ERROR] The script resource is behind a redirect, which is disallowed. @ :0
[   46289ms] [ERROR] The script resource is behind a redirect, which is disallowed. @ :0
[   46297ms] [ERROR] The script resource is behind a redirect, which is disallowed. @ :0
[   63223ms] [ERROR] Failed to load resource: the server responded with a status of 401 () @ https://internal-api-security.feishu.cn/lark/scs/compliance/ping:0
[   93098ms] [ERROR] Failed to load resource: the server responded with a status of 401 () @ https://internal-api-security.feishu.cn/lark/scs/compliance/ping:0
[  123082ms] [ERROR] Failed to load resource: the server responded with a status of 401 () @ https://internal-api-security.feishu.cn/lark/scs/compliance/ping:0
[  153098ms] [ERROR] Failed to load resource: the server responded with a status of 401 () @ https://internal-api-security.feishu.cn/lark/scs/compliance/ping:0
[  183101ms] [ERROR] Failed to load resource: the server responded with a status of 401 () @ https://internal-api-security.feishu.cn/lark/scs/compliance/ping:0
[  213115ms] [ERROR] Failed to load resource: the server responded with a status of 401 () @ https://internal-api-security.feishu.cn/lark/scs/compliance/ping:0
[  243160ms] [ERROR] Failed to load resource: the server responded with a status of 401 () @ https://internal-api-security.feishu.cn/lark/scs/compliance/ping:0
[  273091ms] [ERROR] Failed to load resource: the server responded with a status of 401 () @ https://internal-api-security.feishu.cn/lark/scs/compliance/ping:0
[  303104ms] [ERROR] Failed to load resource: the server responded with a status of 401 () @ https://internal-api-security.feishu.cn/lark/scs/compliance/ping:0
[  311751ms] [ERROR] Failed to load resource: the server responded with a status of 403 () @ https://internal-api-lark-api.feishu.cn/im/gateway/:0
[  311756ms] [ERROR] Failed to load resource: the server responded with a status of 403 () @ https://internal-api-lark-api.feishu.cn/im/gateway/:0
[  311821ms] [ERROR] Failed to load resource: the server responded with a status of 403 () @ https://internal-api-lark-api.feishu.cn/im/gateway/:0
[  311886ms] [ERROR] Failed to load resource: the server responded with a status of 403 () @ https://internal-api-lark-api.feishu.cn/im/gateway/:0
[  311912ms] [ERROR] Failed to load resource: the server responded with a status of 403 () @ https://internal-api-lark-api.feishu.cn/im/gateway/:0
[  311956ms] [ERROR] Failed to load resource: the server responded with a status of 403 () @ https://internal-api-lark-api.feishu.cn/im/gateway/:0
[  311978ms] [ERROR] Failed to load resource: the server responded with a status of 403 () @ https://internal-api-lark-api.feishu.cn/im/gateway/:0
[  312050ms] [ERROR] Failed to load resource: the server responded with a status of 403 () @ https://internal-api-lark-api.feishu.cn/im/gateway/:0
[  333107ms] [ERROR] Failed to load resource: the server responded with a status of 401 () @ https://internal-api-security.feishu.cn/lark/scs/compliance/ping:0
[  363163ms] [ERROR] Failed to load resource: the server responded with a status of 401 () @ https://internal-api-security.feishu.cn/lark/scs/compliance/ping:0
[  393098ms] [ERROR] Failed to load resource: the server responded with a status of 401 () @ https://internal-api-security.feishu.cn/lark/scs/compliance/ping:0
[  423098ms] [ERROR] Failed to load resource: the server responded with a status of 401 () @ https://internal-api-security.feishu.cn/lark/scs/compliance/ping:0
[  453114ms] [ERROR] Failed to load resource: the server responded with a status of 401 () @ https://internal-api-security.feishu.cn/lark/scs/compliance/ping:0
[  483098ms] [ERROR] Failed to load resource: the server responded with a status of 401 () @ https://internal-api-security.feishu.cn/lark/scs/compliance/ping:0
[  513118ms] [ERROR] Failed to load resource: the server responded with a status of 401 () @ https://internal-api-security.feishu.cn/lark/scs/compliance/ping:0
[  543182ms] [ERROR] Failed to load resource: the server responded with a status of 401 () @ https://internal-api-security.feishu.cn/lark/scs/compliance/ping:0
[  573107ms] [ERROR] Failed to load resource: the server responded with a status of 401 () @ https://internal-api-security.feishu.cn/lark/scs/compliance/ping:0
[  603103ms] [ERROR] Failed to load resource: the server responded with a status of 401 () @ https://internal-api-security.feishu.cn/lark/scs/compliance/ping:0
[  611774ms] [ERROR] Failed to load resource: the server responded with a status of 403 () @ https://internal-api-lark-api.feishu.cn/im/gateway/:0
[  611778ms] [ERROR] Failed to load resource: the server responded with a status of 403 () @ https://internal-api-lark-api.feishu.cn/im/gateway/:0
[  611839ms] [ERROR] Failed to load resource: the server responded with a status of 403 () @ https://internal-api-lark-api.feishu.cn/im/gateway/:0
[  611842ms] [ERROR] Failed to load resource: the server responded with a status of 403 () @ https://internal-api-lark-api.feishu.cn/im/gateway/:0
[  611900ms] [ERROR] Failed to load resource: the server responded with a status of 403 () @ https://internal-api-lark-api.feishu.cn/im/gateway/:0
[  611910ms] [ERROR] Failed to load resource: the server responded with a status of 403 () @ https://internal-api-lark-api.feishu.cn/im/gateway/:0
[  611972ms] [ERROR] Failed to load resource: the server responded with a status of 403 () @ https://internal-api-lark-api.feishu.cn/im/gateway/:0
[  611979ms] [ERROR] Failed to load resource: the server responded with a status of 403 () @ https://internal-api-lark-api.feishu.cn/im/gateway/:0
[  633142ms] [ERROR] Failed to load resource: the server responded with a status of 401 () @ https://internal-api-security.feishu.cn/lark/scs/compliance/ping:0
[  663110ms] [ERROR] Failed to load resource: the server responded with a status of 401 () @ https://internal-api-security.feishu.cn/lark/scs/compliance/ping:0
[  693086ms] [ERROR] Failed to load resource: the server responded with a status of 401 () @ https://internal-api-security.feishu.cn/lark/scs/compliance/ping:0
[  723109ms] [ERROR] Failed to load resource: the server responded with a status of 401 () @ https://internal-api-security.feishu.cn/lark/scs/compliance/ping:0
[  753101ms] [ERROR] Failed to load resource: the server responded with a status of 401 () @ https://internal-api-security.feishu.cn/lark/scs/compliance/ping:0
[  783130ms] [ERROR] Failed to load resource: the server responded with a status of 401 () @ https://internal-api-security.feishu.cn/lark/scs/compliance/ping:0
[  813098ms] [ERROR] Failed to load resource: the server responded with a status of 401 () @ https://internal-api-security.feishu.cn/lark/scs/compliance/ping:0
[  843096ms] [ERROR] Failed to load resource: the server responded with a status of 401 () @ https://internal-api-security.feishu.cn/lark/scs/compliance/ping:0
[  873194ms] [ERROR] Failed to load resource: the server responded with a status of 401 () @ https://internal-api-security.feishu.cn/lark/scs/compliance/ping:0
[  903129ms] [ERROR] Failed to load resource: the server responded with a status of 401 () @ https://internal-api-security.feishu.cn/lark/scs/compliance/ping:0
[  908841ms] [ERROR] Failed to load resource: the server responded with a status of 403 () @ https://internal-api-lark-api.feishu.cn/im/gateway/:0
[  908908ms] [ERROR] Failed to load resource: the server responded with a status of 403 () @ https://internal-api-lark-api.feishu.cn/im/gateway/:0
[  908981ms] [ERROR] Failed to load resource: the server responded with a status of 403 () @ https://internal-api-lark-api.feishu.cn/im/gateway/:0
[  909057ms] [ERROR] Failed to load resource: the server responded with a status of 403 () @ https://internal-api-lark-api.feishu.cn/im/gateway/:0
[  911750ms] [ERROR] Failed to load resource: the server responded with a status of 403 () @ https://internal-api-lark-api.feishu.cn/im/gateway/:0
[  911756ms] [ERROR] Failed to load resource: the server responded with a status of 403 () @ https://internal-api-lark-api.feishu.cn/im/gateway/:0
[  911855ms] [ERROR] Failed to load resource: the server responded with a status of 403 () @ https://internal-api-lark-api.feishu.cn/im/gateway/:0
[  911871ms] [ERROR] Failed to load resource: the server responded with a status of 403 () @ https://internal-api-lark-api.feishu.cn/im/gateway/:0
[  911925ms] [ERROR] Failed to load resource: the server responded with a status of 403 () @ https://internal-api-lark-api.feishu.cn/im/gateway/:0
[  911943ms] [ERROR] Failed to load resource: the server responded with a status of 403 () @ https://internal-api-lark-api.feishu.cn/im/gateway/:0
[  911993ms] [ERROR] Failed to load resource: the server responded with a status of 403 () @ https://internal-api-lark-api.feishu.cn/im/gateway/:0
[  912007ms] [ERROR] Failed to load resource: the server responded with a status of 403 () @ https://internal-api-lark-api.feishu.cn/im/gateway/:0
[  933099ms] [ERROR] Failed to load resource: the server responded with a status of 401 () @ https://internal-api-security.feishu.cn/lark/scs/compliance/ping:0
[  963111ms] [ERROR] Failed to load resource: the server responded with a status of 401 () @ https://internal-api-security.feishu.cn/lark/scs/compliance/ping:0
[  993104ms] [ERROR] Failed to load resource: the server responded with a status of 401 () @ https://internal-api-security.feishu.cn/lark/scs/compliance/ping:0
[ 1023122ms] [ERROR] Failed to load resource: the server responded with a status of 401 () @ https://internal-api-security.feishu.cn/lark/scs/compliance/ping:0
[ 1053122ms] [ERROR] Failed to load resource: the server responded with a status of 401 () @ https://internal-api-security.feishu.cn/lark/scs/compliance/ping:0
[ 1083111ms] [ERROR] Failed to load resource: the server responded with a status of 401 () @ https://internal-api-security.feishu.cn/lark/scs/compliance/ping:0
[ 1113091ms] [ERROR] Failed to load resource: the server responded with a status of 401 () @ https://internal-api-security.feishu.cn/lark/scs/compliance/ping:0
[ 1143185ms] [ERROR] Failed to load resource: the server responded with a status of 401 () @ https://internal-api-security.feishu.cn/lark/scs/compliance/ping:0
[ 1173095ms] [ERROR] Failed to load resource: the server responded with a status of 401 () @ https://internal-api-security.feishu.cn/lark/scs/compliance/ping:0
[ 1203112ms] [ERROR] Failed to load resource: the server responded with a status of 401 () @ https://internal-api-security.feishu.cn/lark/scs/compliance/ping:0
[ 1211752ms] [ERROR] Failed to load resource: the server responded with a status of 403 () @ https://internal-api-lark-api.feishu.cn/im/gateway/:0
[ 1211755ms] [ERROR] Failed to load resource: the server responded with a status of 403 () @ https://internal-api-lark-api.feishu.cn/im/gateway/:0
[ 1211819ms] [ERROR] Failed to load resource: the server responded with a status of 403 () @ https://internal-api-lark-api.feishu.cn/im/gateway/:0
[ 1211822ms] [ERROR] Failed to load resource: the server responded with a status of 403 () @ https://internal-api-lark-api.feishu.cn/im/gateway/:0
[ 1211892ms] [ERROR] Failed to load resource: the server responded with a status of 403 () @ https://internal-api-lark-api.feishu.cn/im/gateway/:0
[ 1211898ms] [ERROR] Failed to load resource: the server responded with a status of 403 () @ https://internal-api-lark-api.feishu.cn/im/gateway/:0
[ 1211960ms] [ERROR] Failed to load resource: the server responded with a status of 403 () @ https://internal-api-lark-api.feishu.cn/im/gateway/:0
[ 1211963ms] [ERROR] Failed to load resource: the server responded with a status of 403 () @ https://internal-api-lark-api.feishu.cn/im/gateway/:0
[ 1233186ms] [ERROR] Failed to load resource: the server responded with a status of 401 () @ https://internal-api-security.feishu.cn/lark/scs/compliance/ping:0
[ 1263102ms] [ERROR] Failed to load resource: the server responded with a status of 401 () @ https://internal-api-security.feishu.cn/lark/scs/compliance/ping:0
[ 1293094ms] [ERROR] Failed to load resource: the server responded with a status of 401 () @ https://internal-api-security.feishu.cn/lark/scs/compliance/ping:0
[ 1323133ms] [ERROR] Failed to load resource: the server responded with a status of 401 () @ https://internal-api-security.feishu.cn/lark/scs/compliance/ping:0
[ 1353102ms] [ERROR] Failed to load resource: the server responded with a status of 401 () @ https://internal-api-security.feishu.cn/lark/scs/compliance/ping:0
[ 1383111ms] [ERROR] Failed to load resource: the server responded with a status of 401 () @ https://internal-api-security.feishu.cn/lark/scs/compliance/ping:0
[ 1413110ms] [ERROR] Failed to load resource: the server responded with a status of 401 () @ https://internal-api-security.feishu.cn/lark/scs/compliance/ping:0
[ 1443156ms] [ERROR] Failed to load resource: the server responded with a status of 401 () @ https://internal-api-security.feishu.cn/lark/scs/compliance/ping:0
[ 1473108ms] [ERROR] Failed to load resource: the server responded with a status of 401 () @ https://internal-api-security.feishu.cn/lark/scs/compliance/ping:0
[ 1503106ms] [ERROR] Failed to load resource: the server responded with a status of 401 () @ https://internal-api-security.feishu.cn/lark/scs/compliance/ping:0
[ 1511752ms] [ERROR] Failed to load resource: the server responded with a status of 403 () @ https://internal-api-lark-api.feishu.cn/im/gateway/:0
[ 1511759ms] [ERROR] Failed to load resource: the server responded with a status of 403 () @ https://internal-api-lark-api.feishu.cn/im/gateway/:0
[ 1511825ms] [ERROR] Failed to load resource: the server responded with a status of 403 () @ https://internal-api-lark-api.feishu.cn/im/gateway/:0
[ 1511827ms] [ERROR] Failed to load resource: the server responded with a status of 403 () @ https://internal-api-lark-api.feishu.cn/im/gateway/:0
[ 1511896ms] [ERROR] Failed to load resource: the server responded with a status of 403 () @ https://internal-api-lark-api.feishu.cn/im/gateway/:0
[ 1511900ms] [ERROR] Failed to load resource: the server responded with a status of 403 () @ https://internal-api-lark-api.feishu.cn/im/gateway/:0
[ 1511965ms] [ERROR] Failed to load resource: the server responded with a status of 403 () @ https://internal-api-lark-api.feishu.cn/im/gateway/:0
[ 1511969ms] [ERROR] Failed to load resource: the server responded with a status of 403 () @ https://internal-api-lark-api.feishu.cn/im/gateway/:0
[ 1533104ms] [ERROR] Failed to load resource: the server responded with a status of 401 () @ https://internal-api-security.feishu.cn/lark/scs/compliance/ping:0
[ 1563102ms] [ERROR] Failed to load resource: the server responded with a status of 401 () @ https://internal-api-security.feishu.cn/lark/scs/compliance/ping:0
[ 1593222ms] [ERROR] Failed to load resource: the server responded with a status of 401 () @ https://internal-api-security.feishu.cn/lark/scs/compliance/ping:0
[ 1623096ms] [ERROR] Failed to load resource: the server responded with a status of 401 () @ https://internal-api-security.feishu.cn/lark/scs/compliance/ping:0
[ 1653090ms] [ERROR] Failed to load resource: the server responded with a status of 401 () @ https://internal-api-security.feishu.cn/lark/scs/compliance/ping:0
[ 1683109ms] [ERROR] Failed to load resource: the server responded with a status of 401 () @ https://internal-api-security.feishu.cn/lark/scs/compliance/ping:0
[ 1713179ms] [ERROR] Failed to load resource: the server responded with a status of 401 () @ https://internal-api-security.feishu.cn/lark/scs/compliance/ping:0
[ 1743101ms] [ERROR] Failed to load resource: the server responded with a status of 401 () @ https://internal-api-security.feishu.cn/lark/scs/compliance/ping:0
[ 1773130ms] [ERROR] Failed to load resource: the server responded with a status of 401 () @ https://internal-api-security.feishu.cn/lark/scs/compliance/ping:0
[ 1803121ms] [ERROR] Failed to load resource: the server responded with a status of 401 () @ https://internal-api-security.feishu.cn/lark/scs/compliance/ping:0
[ 1808992ms] [ERROR] Failed to load resource: the server responded with a status of 403 () @ https://internal-api-lark-api.feishu.cn/im/gateway/:0
[ 1809102ms] [ERROR] Failed to load resource: the server responded with a status of 403 () @ https://internal-api-lark-api.feishu.cn/im/gateway/:0
[ 1809172ms] [ERROR] Failed to load resource: the server responded with a status of 403 () @ https://internal-api-lark-api.feishu.cn/im/gateway/:0
[ 1809244ms] [ERROR] Failed to load resource: the server responded with a status of 403 () @ https://internal-api-lark-api.feishu.cn/im/gateway/:0
[ 1811789ms] [ERROR] Failed to load resource: the server responded with a status of 403 () @ https://internal-api-lark-api.feishu.cn/im/gateway/:0
[ 1811794ms] [ERROR] Failed to load resource: the server responded with a status of 403 () @ https://internal-api-lark-api.feishu.cn/im/gateway/:0
[ 1811867ms] [ERROR] Failed to load resource: the server responded with a status of 403 () @ https://internal-api-lark-api.feishu.cn/im/gateway/:0
[ 1811896ms] [ERROR] Failed to load resource: the server responded with a status of 403 () @ https://internal-api-lark-api.feishu.cn/im/gateway/:0
[ 1811942ms] [ERROR] Failed to load resource: the server responded with a status of 403 () @ https://internal-api-lark-api.feishu.cn/im/gateway/:0
[ 1811968ms] [ERROR] Failed to load resource: the server responded with a status of 403 () @ https://internal-api-lark-api.feishu.cn/im/gateway/:0
[ 1812019ms] [ERROR] Failed to load resource: the server responded with a status of 403 () @ https://internal-api-lark-api.feishu.cn/im/gateway/:0
[ 1812041ms] [ERROR] Failed to load resource: the server responded with a status of 403 () @ https://internal-api-lark-api.feishu.cn/im/gateway/:0
[ 1833119ms] [ERROR] Failed to load resource: the server responded with a status of 401 () @ https://internal-api-security.feishu.cn/lark/scs/compliance/ping:0
[ 1863104ms] [ERROR] Failed to load resource: the server responded with a status of 401 () @ https://internal-api-security.feishu.cn/lark/scs/compliance/ping:0
[ 1893098ms] [ERROR] Failed to load resource: the server responded with a status of 401 () @ https://internal-api-security.feishu.cn/lark/scs/compliance/ping:0
[ 1923108ms] [ERROR] Failed to load resource: the server responded with a status of 401 () @ https://internal-api-security.feishu.cn/lark/scs/compliance/ping:0
[ 1953116ms] [ERROR] Failed to load resource: the server responded with a status of 401 () @ https://internal-api-security.feishu.cn/lark/scs/compliance/ping:0
[ 1983107ms] [ERROR] Failed to load resource: the server responded with a status of 401 () @ https://internal-api-security.feishu.cn/lark/scs/compliance/ping:0
[ 2013092ms] [ERROR] Failed to load resource: the server responded with a status of 401 () @ https://internal-api-security.feishu.cn/lark/scs/compliance/ping:0
[ 2043206ms] [ERROR] Failed to load resource: the server responded with a status of 401 () @ https://internal-api-security.feishu.cn/lark/scs/compliance/ping:0
[ 2073107ms] [ERROR] Failed to load resource: the server responded with a status of 401 () @ https://internal-api-security.feishu.cn/lark/scs/compliance/ping:0
[ 2103100ms] [ERROR] Failed to load resource: the server responded with a status of 401 () @ https://internal-api-security.feishu.cn/lark/scs/compliance/ping:0
[ 2111757ms] [ERROR] Failed to load resource: the server responded with a status of 403 () @ https://internal-api-lark-api.feishu.cn/im/gateway/:0
[ 2111760ms] [ERROR] Failed to load resource: the server responded with a status of 403 () @ https://internal-api-lark-api.feishu.cn/im/gateway/:0
[ 2111832ms] [ERROR] Failed to load resource: the server responded with a status of 403 () @ https://internal-api-lark-api.feishu.cn/im/gateway/:0
[ 2111834ms] [ERROR] Failed to load resource: the server responded with a status of 403 () @ https://internal-api-lark-api.feishu.cn/im/gateway/:0
[ 2111906ms] [ERROR] Failed to load resource: the server responded with a status of 403 () @ https://internal-api-lark-api.feishu.cn/im/gateway/:0
[ 2111908ms] [ERROR] Failed to load resource: the server responded with a status of 403 () @ https://internal-api-lark-api.feishu.cn/im/gateway/:0
[ 2111986ms] [ERROR] Failed to load resource: the server responded with a status of 403 () @ https://internal-api-lark-api.feishu.cn/im/gateway/:0
[ 2111989ms] [ERROR] Failed to load resource: the server responded with a status of 403 () @ https://internal-api-lark-api.feishu.cn/im/gateway/:0
[ 2133124ms] [ERROR] Failed to load resource: the server responded with a status of 401 () @ https://internal-api-security.feishu.cn/lark/scs/compliance/ping:0
[ 2163108ms] [ERROR] Failed to load resource: the server responded with a status of 401 () @ https://internal-api-security.feishu.cn/lark/scs/compliance/ping:0
[ 2193107ms] [ERROR] Failed to load resource: the server responded with a status of 401 () @ https://internal-api-security.feishu.cn/lark/scs/compliance/ping:0
[ 2223103ms] [ERROR] Failed to load resource: the server responded with a status of 401 () @ https://internal-api-security.feishu.cn/lark/scs/compliance/ping:0
[ 2253103ms] [ERROR] Failed to load resource: the server responded with a status of 401 () @ https://internal-api-security.feishu.cn/lark/scs/compliance/ping:0
[ 2283098ms] [ERROR] Failed to load resource: the server responded with a status of 401 () @ https://internal-api-security.feishu.cn/lark/scs/compliance/ping:0
[ 2313095ms] [ERROR] Failed to load resource: the server responded with a status of 401 () @ https://internal-api-security.feishu.cn/lark/scs/compliance/ping:0
[ 2343424ms] [ERROR] Failed to load resource: the server responded with a status of 401 () @ https://internal-api-security.feishu.cn/lark/scs/compliance/ping:0
[ 2373090ms] [ERROR] Failed to load resource: the server responded with a status of 401 () @ https://internal-api-security.feishu.cn/lark/scs/compliance/ping:0
[ 2403108ms] [ERROR] Failed to load resource: the server responded with a status of 401 () @ https://internal-api-security.feishu.cn/lark/scs/compliance/ping:0
[ 2411750ms] [ERROR] Failed to load resource: the server responded with a status of 403 () @ https://internal-api-lark-api.feishu.cn/im/gateway/:0
[ 2411753ms] [ERROR] Failed to load resource: the server responded with a status of 403 () @ https://internal-api-lark-api.feishu.cn/im/gateway/:0
[ 2411819ms] [ERROR] Failed to load resource: the server responded with a status of 403 () @ https://internal-api-lark-api.feishu.cn/im/gateway/:0
[ 2411826ms] [ERROR] Failed to load resource: the server responded with a status of 403 () @ https://internal-api-lark-api.feishu.cn/im/gateway/:0
[ 2411891ms] [ERROR] Failed to load resource: the server responded with a status of 403 () @ https://internal-api-lark-api.feishu.cn/im/gateway/:0
[ 2411960ms] [ERROR] Failed to load resource: the server responded with a status of 403 () @ https://internal-api-lark-api.feishu.cn/im/gateway/:0
[ 2411968ms] [ERROR] Failed to load resource: the server responded with a status of 403 () @ https://internal-api-lark-api.feishu.cn/im/gateway/:0
[ 2412035ms] [ERROR] Failed to load resource: the server responded with a status of 403 () @ https://internal-api-lark-api.feishu.cn/im/gateway/:0
[ 2433188ms] [ERROR] Failed to load resource: the server responded with a status of 401 () @ https://internal-api-security.feishu.cn/lark/scs/compliance/ping:0
[ 2463114ms] [ERROR] Failed to load resource: the server responded with a status of 401 () @ https://internal-api-security.feishu.cn/lark/scs/compliance/ping:0
[ 2493105ms] [ERROR] Failed to load resource: the server responded with a status of 401 () @ https://internal-api-security.feishu.cn/lark/scs/compliance/ping:0
[ 2523233ms] [ERROR] Failed to load resource: the server responded with a status of 401 () @ https://internal-api-security.feishu.cn/lark/scs/compliance/ping:0
[ 2553112ms] [ERROR] Failed to load resource: the server responded with a status of 401 () @ https://internal-api-security.feishu.cn/lark/scs/compliance/ping:0
[ 2583129ms] [ERROR] Failed to load resource: the server responded with a status of 401 () @ https://internal-api-security.feishu.cn/lark/scs/compliance/ping:0
